[ 2018-01-28T01:54:46+08:00 ] 127.0.0.1 127.0.0.1 GET /quyou/public/
[ log ] 127.0.0.1/quyou/public/ [运行时间：0.041580s][吞吐率：24.05req/s] [内存消耗：2,258.84kb] [文件加载：46]
[ info ] [ LANG ] D:\wamp64\www\quyou\thinkphp\lang\zh-cn.php
[ info ] [ ROUTE ] array (
  'type' => 'module',
  'module' => 
  array (
    0 => '',
    1 => NULL,
    2 => NULL,
  ),
)
[ info ] [ HEADER ] array (
  'host' => '127.0.0.1',
  'connection' => 'keep-alive',
  'cache-control' => 'max-age=0',
  'upgrade-insecure-requests' => '1',
  'user-agent' => 'Mozilla/5.0 (Windows NT 10.0; Win64; x64) AppleWebKit/537.36 (KHTML, like Gecko) Chrome/63.0.3239.132 Safari/537.36',
  'accept' => 'text/html,application/xhtml+xml,application/xml;q=0.9,image/webp,image/apng,*/*;q=0.8',
  'accept-encoding' => 'gzip, deflate, br',
  'accept-language' => 'en-US,en;q=0.9',
  'cookie' => 'Hm_lvt_080836300300be57b7f34f4b3e97d911=1516781592; Hm_lvt_55b574651fcae74b0a9f1cf9c8d7c93a=1516934188; PHPSESSID=3u99u1vuhapcf45km23bpdsn02',
)
[ info ] [ PARAM ] array (
)
[ info ] [ RUN ] app\home\controller\Index->index[ D:\wamp64\www\quyou\application\home\controller\Index.php ]
[ info ] [ VIEW ] D:\wamp64\www\quyou\public/../application/home\view\index\index.html [ array (
  0 => 'a',
) ]
[ info ] [ LOG ] INIT File

---------------------------------------------------------------
[ 2018-01-28T01:54:49+08:00 ] 127.0.0.1 127.0.0.1 GET /quyou/public/home/index/index.html
[ log ] 127.0.0.1/quyou/public/home/index/index.html [运行时间：0.045179s][吞吐率：22.13req/s] [内存消耗：2,259.05kb] [文件加载：46]
[ info ] [ LANG ] D:\wamp64\www\quyou\thinkphp\lang\zh-cn.php
[ info ] [ ROUTE ] array (
  'type' => 'module',
  'module' => 
  array (
    0 => 'home',
    1 => 'index',
    2 => 'index',
  ),
)
[ info ] [ HEADER ] array (
  'host' => '127.0.0.1',
  'connection' => 'keep-alive',
  'upgrade-insecure-requests' => '1',
  'user-agent' => 'Mozilla/5.0 (Windows NT 10.0; Win64; x64) AppleWebKit/537.36 (KHTML, like Gecko) Chrome/63.0.3239.132 Safari/537.36',
  'accept' => 'text/html,application/xhtml+xml,application/xml;q=0.9,image/webp,image/apng,*/*;q=0.8',
  'referer' => 'http://127.0.0.1/quyou/public/',
  'accept-encoding' => 'gzip, deflate, br',
  'accept-language' => 'en-US,en;q=0.9',
  'cookie' => 'Hm_lvt_080836300300be57b7f34f4b3e97d911=1516781592; Hm_lvt_55b574651fcae74b0a9f1cf9c8d7c93a=1516934188; PHPSESSID=3u99u1vuhapcf45km23bpdsn02',
)
[ info ] [ PARAM ] array (
)
[ info ] [ RUN ] app\home\controller\Index->index[ D:\wamp64\www\quyou\application\home\controller\Index.php ]
[ info ] [ VIEW ] D:\wamp64\www\quyou\public/../application/home\view\index\index.html [ array (
  0 => 'a',
) ]
[ info ] [ LOG ] INIT File

---------------------------------------------------------------
[ 2018-01-28T01:55:44+08:00 ] 127.0.0.1 127.0.0.1 GET /quyou/public/
[ log ] 127.0.0.1/quyou/public/ [运行时间：0.054310s][吞吐率：18.41req/s] [内存消耗：2,489.08kb] [文件加载：48]
[ info ] [ LANG ] D:\wamp64\www\quyou\thinkphp\lang\zh-cn.php
[ info ] [ ROUTE ] array (
  'type' => 'module',
  'module' => 
  array (
    0 => '',
    1 => NULL,
    2 => NULL,
  ),
)
[ info ] [ HEADER ] array (
  'host' => '127.0.0.1',
  'connection' => 'keep-alive',
  'cache-control' => 'max-age=0',
  'upgrade-insecure-requests' => '1',
  'user-agent' => 'Mozilla/5.0 (Windows NT 10.0; Win64; x64) AppleWebKit/537.36 (KHTML, like Gecko) Chrome/63.0.3239.132 Safari/537.36',
  'accept' => 'text/html,application/xhtml+xml,application/xml;q=0.9,image/webp,image/apng,*/*;q=0.8',
  'accept-encoding' => 'gzip, deflate, br',
  'accept-language' => 'en-US,en;q=0.9',
  'cookie' => 'Hm_lvt_080836300300be57b7f34f4b3e97d911=1516781592; Hm_lvt_55b574651fcae74b0a9f1cf9c8d7c93a=1516934188; PHPSESSID=3u99u1vuhapcf45km23bpdsn02',
)
[ info ] [ PARAM ] array (
)
[ info ] [ RUN ] app\home\controller\Index->index[ D:\wamp64\www\quyou\application\home\controller\Index.php ]
[ info ] [ VIEW ] D:\wamp64\www\quyou\public/../application/home\view\index\index.html [ array (
  0 => 'a',
) ]
[ info ] [ LOG ] INIT File

---------------------------------------------------------------
[ 2018-01-28T01:56:04+08:00 ] 127.0.0.1 127.0.0.1 GET /quyou/public/
[ log ] 127.0.0.1/quyou/public/ [运行时间：0.037180s][吞吐率：26.90req/s] [内存消耗：2,257.16kb] [文件加载：46]
[ info ] [ LANG ] D:\wamp64\www\quyou\thinkphp\lang\zh-cn.php
[ info ] [ ROUTE ] array (
  'type' => 'module',
  'module' => 
  array (
    0 => '',
    1 => NULL,
    2 => NULL,
  ),
)
[ info ] [ HEADER ] array (
  'host' => '127.0.0.1',
  'connection' => 'keep-alive',
  'cache-control' => 'max-age=0',
  'upgrade-insecure-requests' => '1',
  'user-agent' => 'Mozilla/5.0 (Windows NT 10.0; Win64; x64) AppleWebKit/537.36 (KHTML, like Gecko) Chrome/63.0.3239.132 Safari/537.36',
  'accept' => 'text/html,application/xhtml+xml,application/xml;q=0.9,image/webp,image/apng,*/*;q=0.8',
  'accept-encoding' => 'gzip, deflate, br',
  'accept-language' => 'en-US,en;q=0.9',
  'cookie' => 'Hm_lvt_080836300300be57b7f34f4b3e97d911=1516781592; Hm_lvt_55b574651fcae74b0a9f1cf9c8d7c93a=1516934188; PHPSESSID=3u99u1vuhapcf45km23bpdsn02',
)
[ info ] [ PARAM ] array (
)
[ info ] [ RUN ] app\home\controller\Index->index[ D:\wamp64\www\quyou\application\home\controller\Index.php ]
[ info ] [ VIEW ] D:\wamp64\www\quyou\public/../application/home\view\index\index.html [ array (
  0 => 'a',
) ]
[ info ] [ LOG ] INIT File

---------------------------------------------------------------
[ 2018-01-28T01:57:27+08:00 ] 127.0.0.1 127.0.0.1 GET /quyou/public/
[ log ] 127.0.0.1/quyou/public/ [运行时间：0.064111s][吞吐率：15.60req/s] [内存消耗：2,485.80kb] [文件加载：48]
[ info ] [ LANG ] D:\wamp64\www\quyou\thinkphp\lang\zh-cn.php
[ info ] [ ROUTE ] array (
  'type' => 'module',
  'module' => 
  array (
    0 => '',
    1 => NULL,
    2 => NULL,
  ),
)
[ info ] [ HEADER ] array (
  'host' => '127.0.0.1',
  'connection' => 'keep-alive',
  'cache-control' => 'max-age=0',
  'user-agent' => 'Mozilla/5.0 (Windows NT 10.0; Win64; x64) AppleWebKit/537.36 (KHTML, like Gecko) Chrome/63.0.3239.132 Safari/537.36',
  'upgrade-insecure-requests' => '1',
  'accept' => 'text/html,application/xhtml+xml,application/xml;q=0.9,image/webp,image/apng,*/*;q=0.8',
  'accept-encoding' => 'gzip, deflate, br',
  'accept-language' => 'en-US,en;q=0.9',
  'cookie' => 'Hm_lvt_080836300300be57b7f34f4b3e97d911=1516781592; Hm_lvt_55b574651fcae74b0a9f1cf9c8d7c93a=1516934188; PHPSESSID=3u99u1vuhapcf45km23bpdsn02',
)
[ info ] [ PARAM ] array (
)
[ info ] [ RUN ] app\home\controller\Index->index[ D:\wamp64\www\quyou\application\home\controller\Index.php ]
[ info ] [ VIEW ] D:\wamp64\www\quyou\public/../application/home\view\index\index.html [ array (
) ]
[ info ] [ LOG ] INIT File

---------------------------------------------------------------
[ 2018-01-28T01:57:30+08:00 ] 127.0.0.1 127.0.0.1 GET /quyou/public/home/desti/desti.html
[ log ] 127.0.0.1/quyou/public/home/desti/desti.html [运行时间：0.075072s][吞吐率：13.32req/s] [内存消耗：2,506.87kb] [文件加载：48]
[ info ] [ LANG ] D:\wamp64\www\quyou\thinkphp\lang\zh-cn.php
[ info ] [ ROUTE ] array (
  'type' => 'module',
  'module' => 
  array (
    0 => 'home',
    1 => 'desti',
    2 => 'desti',
  ),
)
[ info ] [ HEADER ] array (
  'host' => '127.0.0.1',
  'connection' => 'keep-alive',
  'upgrade-insecure-requests' => '1',
  'user-agent' => 'Mozilla/5.0 (Windows NT 10.0; Win64; x64) AppleWebKit/537.36 (KHTML, like Gecko) Chrome/63.0.3239.132 Safari/537.36',
  'accept' => 'text/html,application/xhtml+xml,application/xml;q=0.9,image/webp,image/apng,*/*;q=0.8',
  'referer' => 'http://127.0.0.1/quyou/public/',
  'accept-encoding' => 'gzip, deflate, br',
  'accept-language' => 'en-US,en;q=0.9',
  'cookie' => 'Hm_lvt_080836300300be57b7f34f4b3e97d911=1516781592; Hm_lvt_55b574651fcae74b0a9f1cf9c8d7c93a=1516934188; PHPSESSID=3u99u1vuhapcf45km23bpdsn02',
)
[ info ] [ PARAM ] array (
)
[ info ] [ RUN ] app\home\controller\Desti->desti[ D:\wamp64\www\quyou\application\home\controller\Desti.php ]
[ info ] [ VIEW ] D:\wamp64\www\quyou\public/../application/home\view\desti\desti.html [ array (
) ]
[ info ] [ LOG ] INIT File

---------------------------------------------------------------
[ 2018-01-28T01:57:31+08:00 ] 127.0.0.1 127.0.0.1 GET /quyou/public/home/index/index.html
[ log ] 127.0.0.1/quyou/public/home/index/index.html [运行时间：0.030194s][吞吐率：33.12req/s] [内存消耗：2,255.82kb] [文件加载：46]
[ info ] [ LANG ] D:\wamp64\www\quyou\thinkphp\lang\zh-cn.php
[ info ] [ ROUTE ] array (
  'type' => 'module',
  'module' => 
  array (
    0 => 'home',
    1 => 'index',
    2 => 'index',
  ),
)
[ info ] [ HEADER ] array (
  'host' => '127.0.0.1',
  'connection' => 'keep-alive',
  'upgrade-insecure-requests' => '1',
  'user-agent' => 'Mozilla/5.0 (Windows NT 10.0; Win64; x64) AppleWebKit/537.36 (KHTML, like Gecko) Chrome/63.0.3239.132 Safari/537.36',
  'accept' => 'text/html,application/xhtml+xml,application/xml;q=0.9,image/webp,image/apng,*/*;q=0.8',
  'referer' => 'http://127.0.0.1/quyou/public/home/desti/desti.html',
  'accept-encoding' => 'gzip, deflate, br',
  'accept-language' => 'en-US,en;q=0.9',
  'cookie' => 'Hm_lvt_080836300300be57b7f34f4b3e97d911=1516781592; Hm_lvt_55b574651fcae74b0a9f1cf9c8d7c93a=1516934188; PHPSESSID=3u99u1vuhapcf45km23bpdsn02',
)
[ info ] [ PARAM ] array (
)
[ info ] [ RUN ] app\home\controller\Index->index[ D:\wamp64\www\quyou\application\home\controller\Index.php ]
[ info ] [ VIEW ] D:\wamp64\www\quyou\public/../application/home\view\index\index.html [ array (
) ]
[ info ] [ LOG ] INIT File

---------------------------------------------------------------
[ 2018-01-28T01:57:45+08:00 ] 127.0.0.1 127.0.0.1 GET /quyou/public/home/desti/desti.html
[ log ] 127.0.0.1/quyou/public/home/desti/desti.html [运行时间：0.078834s][吞吐率：12.68req/s] [内存消耗：2,254.99kb] [文件加载：46]
[ info ] [ LANG ] D:\wamp64\www\quyou\thinkphp\lang\zh-cn.php
[ info ] [ ROUTE ] array (
  'type' => 'module',
  'module' => 
  array (
    0 => 'home',
    1 => 'desti',
    2 => 'desti',
  ),
)
[ info ] [ HEADER ] array (
  'host' => '127.0.0.1',
  'connection' => 'keep-alive',
  'upgrade-insecure-requests' => '1',
  'user-agent' => 'Mozilla/5.0 (Windows NT 10.0; Win64; x64) AppleWebKit/537.36 (KHTML, like Gecko) Chrome/63.0.3239.132 Safari/537.36',
  'accept' => 'text/html,application/xhtml+xml,application/xml;q=0.9,image/webp,image/apng,*/*;q=0.8',
  'referer' => 'http://127.0.0.1/quyou/public/home/index/index.html',
  'accept-encoding' => 'gzip, deflate, br',
  'accept-language' => 'en-US,en;q=0.9',
  'cookie' => 'Hm_lvt_080836300300be57b7f34f4b3e97d911=1516781592; Hm_lvt_55b574651fcae74b0a9f1cf9c8d7c93a=1516934188; PHPSESSID=3u99u1vuhapcf45km23bpdsn02',
)
[ info ] [ PARAM ] array (
)
[ info ] [ RUN ] app\home\controller\Desti->desti[ D:\wamp64\www\quyou\application\home\controller\Desti.php ]
[ info ] [ VIEW ] D:\wamp64\www\quyou\public/../application/home\view\desti\desti.html [ array (
) ]
[ info ] [ LOG ] INIT File

---------------------------------------------------------------
[ 2018-01-28T02:01:38+08:00 ] 127.0.0.1 127.0.0.1 GET /quyou/public/home/region/region/des/2.html
[ log ] 127.0.0.1/quyou/public/home/region/region/des/2.html [运行时间：0.052676s][吞吐率：18.98req/s] [内存消耗：2,522.77kb] [文件加载：48]
[ info ] [ LANG ] D:\wamp64\www\quyou\thinkphp\lang\zh-cn.php
[ info ] [ ROUTE ] array (
  'type' => 'module',
  'module' => 
  array (
    0 => 'home',
    1 => 'region',
    2 => 'region',
  ),
)
[ info ] [ HEADER ] array (
  'host' => '127.0.0.1',
  'connection' => 'keep-alive',
  'upgrade-insecure-requests' => '1',
  'user-agent' => 'Mozilla/5.0 (Windows NT 10.0; Win64; x64) AppleWebKit/537.36 (KHTML, like Gecko) Chrome/63.0.3239.132 Safari/537.36',
  'accept' => 'text/html,application/xhtml+xml,application/xml;q=0.9,image/webp,image/apng,*/*;q=0.8',
  'referer' => 'http://127.0.0.1/quyou/public/home/desti/desti.html',
  'accept-encoding' => 'gzip, deflate, br',
  'accept-language' => 'en-US,en;q=0.9',
  'cookie' => 'Hm_lvt_080836300300be57b7f34f4b3e97d911=1516781592; Hm_lvt_55b574651fcae74b0a9f1cf9c8d7c93a=1516934188; PHPSESSID=3u99u1vuhapcf45km23bpdsn02',
)
[ info ] [ PARAM ] array (
  'des' => '2',
)
[ info ] [ RUN ] app\home\controller\Region->region[ D:\wamp64\www\quyou\application\home\controller\Region.php ]
[ info ] [ VIEW ] D:\wamp64\www\quyou\public/../application/home\view\region\region.html [ array (
) ]
[ info ] [ LOG ] INIT File

---------------------------------------------------------------
[ 2018-01-28T02:01:52+08:00 ] 127.0.0.1 127.0.0.1 GET /quyou/public/home/index/index.html
[ log ] 127.0.0.1/quyou/public/home/index/index.html [运行时间：0.040698s][吞吐率：24.57req/s] [内存消耗：2,255.84kb] [文件加载：46]
[ info ] [ LANG ] D:\wamp64\www\quyou\thinkphp\lang\zh-cn.php
[ info ] [ ROUTE ] array (
  'type' => 'module',
  'module' => 
  array (
    0 => 'home',
    1 => 'index',
    2 => 'index',
  ),
)
[ info ] [ HEADER ] array (
  'host' => '127.0.0.1',
  'connection' => 'keep-alive',
  'upgrade-insecure-requests' => '1',
  'user-agent' => 'Mozilla/5.0 (Windows NT 10.0; Win64; x64) AppleWebKit/537.36 (KHTML, like Gecko) Chrome/63.0.3239.132 Safari/537.36',
  'accept' => 'text/html,application/xhtml+xml,application/xml;q=0.9,image/webp,image/apng,*/*;q=0.8',
  'referer' => 'http://127.0.0.1/quyou/public/home/region/region/des/2.html',
  'accept-encoding' => 'gzip, deflate, br',
  'accept-language' => 'en-US,en;q=0.9',
  'cookie' => 'Hm_lvt_080836300300be57b7f34f4b3e97d911=1516781592; Hm_lvt_55b574651fcae74b0a9f1cf9c8d7c93a=1516934188; PHPSESSID=3u99u1vuhapcf45km23bpdsn02',
)
[ info ] [ PARAM ] array (
)
[ info ] [ RUN ] app\home\controller\Index->index[ D:\wamp64\www\quyou\application\home\controller\Index.php ]
[ info ] [ VIEW ] D:\wamp64\www\quyou\public/../application/home\view\index\index.html [ array (
) ]
[ info ] [ LOG ] INIT File

---------------------------------------------------------------
[ 2018-01-28T02:02:24+08:00 ] 127.0.0.1 127.0.0.1 GET /quyou/public/home/desti/desti.html
[ log ] 127.0.0.1/quyou/public/home/desti/desti.html [运行时间：0.055233s][吞吐率：18.11req/s] [内存消耗：2,254.99kb] [文件加载：46]
[ info ] [ LANG ] D:\wamp64\www\quyou\thinkphp\lang\zh-cn.php
[ info ] [ ROUTE ] array (
  'type' => 'module',
  'module' => 
  array (
    0 => 'home',
    1 => 'desti',
    2 => 'desti',
  ),
)
[ info ] [ HEADER ] array (
  'host' => '127.0.0.1',
  'connection' => 'keep-alive',
  'upgrade-insecure-requests' => '1',
  'user-agent' => 'Mozilla/5.0 (Windows NT 10.0; Win64; x64) AppleWebKit/537.36 (KHTML, like Gecko) Chrome/63.0.3239.132 Safari/537.36',
  'accept' => 'text/html,application/xhtml+xml,application/xml;q=0.9,image/webp,image/apng,*/*;q=0.8',
  'referer' => 'http://127.0.0.1/quyou/public/home/index/index.html',
  'accept-encoding' => 'gzip, deflate, br',
  'accept-language' => 'en-US,en;q=0.9',
  'cookie' => 'Hm_lvt_080836300300be57b7f34f4b3e97d911=1516781592; Hm_lvt_55b574651fcae74b0a9f1cf9c8d7c93a=1516934188; PHPSESSID=3u99u1vuhapcf45km23bpdsn02',
)
[ info ] [ PARAM ] array (
)
[ info ] [ RUN ] app\home\controller\Desti->desti[ D:\wamp64\www\quyou\application\home\controller\Desti.php ]
[ info ] [ VIEW ] D:\wamp64\www\quyou\public/../application/home\view\desti\desti.html [ array (
) ]
[ info ] [ LOG ] INIT File

---------------------------------------------------------------
[ 2018-01-28T02:02:32+08:00 ] 127.0.0.1 127.0.0.1 GET /quyou/public/home/region/region/des/2.html
[ log ] 127.0.0.1/quyou/public/home/region/region/des/2.html [运行时间：0.032670s][吞吐率：30.61req/s] [内存消耗：2,256.78kb] [文件加载：46]
[ info ] [ LANG ] D:\wamp64\www\quyou\thinkphp\lang\zh-cn.php
[ info ] [ ROUTE ] array (
  'type' => 'module',
  'module' => 
  array (
    0 => 'home',
    1 => 'region',
    2 => 'region',
  ),
)
[ info ] [ HEADER ] array (
  'host' => '127.0.0.1',
  'connection' => 'keep-alive',
  'upgrade-insecure-requests' => '1',
  'user-agent' => 'Mozilla/5.0 (Windows NT 10.0; Win64; x64) AppleWebKit/537.36 (KHTML, like Gecko) Chrome/63.0.3239.132 Safari/537.36',
  'accept' => 'text/html,application/xhtml+xml,application/xml;q=0.9,image/webp,image/apng,*/*;q=0.8',
  'referer' => 'http://127.0.0.1/quyou/public/home/desti/desti.html',
  'accept-encoding' => 'gzip, deflate, br',
  'accept-language' => 'en-US,en;q=0.9',
  'cookie' => 'Hm_lvt_080836300300be57b7f34f4b3e97d911=1516781592; Hm_lvt_55b574651fcae74b0a9f1cf9c8d7c93a=1516934188; PHPSESSID=3u99u1vuhapcf45km23bpdsn02',
)
[ info ] [ PARAM ] array (
  'des' => '2',
)
[ info ] [ RUN ] app\home\controller\Region->region[ D:\wamp64\www\quyou\application\home\controller\Region.php ]
[ info ] [ VIEW ] D:\wamp64\www\quyou\public/../application/home\view\region\region.html [ array (
) ]
[ info ] [ LOG ] INIT File

---------------------------------------------------------------
